Debug: 19:36:04: Kylin Network Manager Is Already Launched (:0, )
Debug: 19:36:04: Translations Are Already Loaded (:0, )
Warning: 19:36:04: QMetaObject::connectSlotsByName: No matching signal for on_wifi_changed() (:0, )
Debug: 19:36:04: Loading qss... (:0, )
Debug: 19:36:04: Painting blurRegion... (:0, )
Debug: 19:36:05: Creating Top Lan UI... (:0, )
Debug: 19:36:05: Creating Top Wifi UI... (:0, )
Debug: 19:36:05: Creating Other Ui... (:0, )
Debug: 19:36:05: Creating List Area Ui... (:0, )
Debug: 19:36:05: Creating Left Area Ui... (:0, )
Debug: 19:36:05: Creating Tray Icon... (:0, )
Debug: 19:36:05: Initing kdsDbus... (:0, )
Debug: 19:36:05: Init primary settings... (:0, )
Warning: 19:36:05: QObject::connect: No such signal QDBusAbstractInterface::screenPrimaryChanged(int,int,int,int) (:0, )
Warning: 19:36:05: QObject::connect:  (receiver name: 'MainWindow') (:0, )
Debug: 19:36:05: Init objKyDbus... (:0, )
Debug: 19:36:05: Can not find wireless device object path when using dbus. (:0, )
Warning: 19:36:05: QDBusArgument: write from a read-only object (:0, )
Debug: 19:36:05: debug: *****初始的无线网络开关状态是:  true (:0, )
Debug: 19:36:05: Init confForm... (:0, )
Warning: 19:36:06: Could not parse stylesheet of object QPushButton(0x5582519111b0, name = "btnSave") (:0, )
Warning: 19:36:06: Could not parse stylesheet of object QPushButton(0x5582519111b0, name = "btnSave") (:0, )
Warning: 19:36:06: Could not parse stylesheet of object QPushButton(0x5582518e8dd0, name = "btnCreate") (:0, )
Warning: 19:36:06: Could not parse stylesheet of object QPushButton(0x5582518e8dd0, name = "btnCreate") (:0, )
Debug: 19:36:06: Init ksnm... (:0, )
Debug: 19:36:06: Init LoadingDiv... (:0, )
Debug: 19:36:06: Checking wireless device... (:0, )
Debug: 19:36:06: Init Net List... (:0, )
Debug: 19:36:06: Init Net interface & list... (:0, )
Debug: 19:36:06: === (:0, )
Debug: 19:36:06: state of network: '0' is connected, '1' is disconnected, '2' is net device switch off (:0, )
Debug: 19:36:06: current network state:  lan state = 0 ,  wifi state = 2 (:0, )
Debug: 19:36:06: === (:0, )
Debug: 19:36:06: Launch kylin-nm, wired network already connected (:0, )
Debug: 19:36:06: Stop loading! (:0, )
Warning: 19:36:06: QDBusArgument: write from a read-only object (:0, )
Debug: 19:36:06: void MainWindow::connLanDone(int) 4591 :set is_stop_check_net_state to 0 (:0, )
Debug: 19:36:06: Start loading... (:0, )
Warning: 19:36:06: QObject: Cannot create children for a parent that is in a different thread.
(Parent is KSimpleNM(0x5582519478a0), parent's thread is QThread(0x55825161fb40), current thread is QThreadPoolThread(0x558251901800) (:0, )
Warning: 19:36:06: QObject: Cannot create children for a parent that is in a different thread.
(Parent is KSimpleNM(0x5582519478a0), parent's thread is QThread(0x55825161fb40), current thread is QThreadPoolThread(0x5582517eed70) (:0, )
Warning: 19:36:06: QDBusArgument: write from a read-only object (:0, )
Warning: 19:36:06: QDBusArgument: write from a read-only object (:0, )
Debug: 19:36:06: Init Timer... (:0, )
Debug: 19:36:06: Init Active Net Dns... (:0, )
Warning: 19:36:06: QDBusArgument: write from a read-only object (:0, )
Debug: 19:36:06: Init Font Gsettings... (:0, )
Debug: 19:36:06: Init button connections... (:0, )
Debug: 19:36:06: Checking Wired Net (num is 0?)... (:0, )
Debug: 19:36:06: Mainwindow is Already Registered (:0, )
Warning: 19:36:06: Could not parse stylesheet of object QPushButton(0x5582519111b0, name = "btnSave") (:0, )
Warning: 19:36:06: Could not parse stylesheet of object QPushButton(0x5582519a4b10, name = "btnCancel") (:0, )
Warning: 19:36:06: Could not parse stylesheet of object QPushButton(0x5582518e8dd0, name = "btnCreate") (:0, )
Debug: 19:36:06: Get Connection list Finished! (:0, )
Debug: 19:36:06: Get Lan list Finished! (:0, )
Debug: 19:36:06: Creating Top Lan UI... (:0, )
Warning: 19:36:06: QDBusArgument: write from a read-only object (:0, )
Warning: 19:36:06: QDBusArgument: write from a read-only object (:0, )
Warning: 19:36:06: QDBusArgument: write from a read-only object (:0, )
Debug: 19:36:06: executed cmd= "export LANG='en_US.UTF-8';export LANGUAGE='en_US';ethtool 'enp0s3' | grep Speed > /tmp/kylin-nm-bandwidth-liveuser" .res= 0 (:0, )
Debug: 19:36:06: already insert an active lan network item in the top of lan list (:0, )
Debug: 19:36:06: Stop loading! (:0, )
Warning: 19:36:06: QDBusArgument: write from a read-only object (:0, )
Debug: 19:36:06: void MainWindow::getLanListDone(QStringList) 1953 :set is_stop_check_net_state to 0 (:0, )
Debug: 19:36:11: Init geometry... (:0, )
Debug: 19:36:11: to get message about  "x"  of screen failed (:0, )
Debug: 19:36:11: to get message about  "y"  of screen failed (:0, )
Debug: 19:36:11: to get message about  "width"  of screen failed (:0, )
Debug: 19:36:11: to get message about  "height"  of screen failed (:0, )
Debug: 20:07:04: Kylin Network Manager Is Already Launched (:0, )
Debug: 20:07:04: Translations Are Already Loaded (:0, )
Warning: 20:07:04: QMetaObject::connectSlotsByName: No matching signal for on_wifi_changed() (:0, )
Debug: 20:07:04: Loading qss... (:0, )
Debug: 20:07:04: Painting blurRegion... (:0, )
Debug: 20:07:04: Creating Top Lan UI... (:0, )
Debug: 20:07:04: Creating Top Wifi UI... (:0, )
Debug: 20:07:04: Creating Other Ui... (:0, )
Debug: 20:07:04: Creating List Area Ui... (:0, )
Debug: 20:07:04: Creating Left Area Ui... (:0, )
Debug: 20:07:04: Creating Tray Icon... (:0, )
Debug: 20:07:04: Initing kdsDbus... (:0, )
Debug: 20:07:04: Init primary settings... (:0, )
Warning: 20:07:04: QObject::connect: No such signal QDBusAbstractInterface::screenPrimaryChanged(int,int,int,int) (:0, )
Warning: 20:07:04: QObject::connect:  (receiver name: 'MainWindow') (:0, )
Debug: 20:07:04: Init objKyDbus... (:0, )
Debug: 20:07:04: Can not find wireless device object path when using dbus. (:0, )
Warning: 20:07:04: QDBusArgument: write from a read-only object (:0, )
Debug: 20:07:04: debug: *****初始的无线网络开关状态是:  true (:0, )
Debug: 20:07:04: Init confForm... (:0, )
Warning: 20:07:05: Could not parse stylesheet of object QPushButton(0x55bd755c0710, name = "btnSave") (:0, )
Warning: 20:07:05: Could not parse stylesheet of object QPushButton(0x55bd755c0710, name = "btnSave") (:0, )
Warning: 20:07:05: Could not parse stylesheet of object QPushButton(0x55bd755bacb0, name = "btnCreate") (:0, )
Warning: 20:07:05: Could not parse stylesheet of object QPushButton(0x55bd755bacb0, name = "btnCreate") (:0, )
Debug: 20:07:05: Init ksnm... (:0, )
Debug: 20:07:05: Init LoadingDiv... (:0, )
Debug: 20:07:05: Checking wireless device... (:0, )
Debug: 20:07:05: Init Net List... (:0, )
Debug: 20:07:05: Init Net interface & list... (:0, )
Debug: 20:07:05: === (:0, )
Debug: 20:07:05: state of network: '0' is connected, '1' is disconnected, '2' is net device switch off (:0, )
Debug: 20:07:05: current network state:  lan state = 0 ,  wifi state = 2 (:0, )
Debug: 20:07:05: === (:0, )
Debug: 20:07:05: Launch kylin-nm, wired network already connected (:0, )
Debug: 20:07:05: Stop loading! (:0, )
Warning: 20:07:05: QDBusArgument: write from a read-only object (:0, )
Debug: 20:07:05: void MainWindow::connLanDone(int) 4591 :set is_stop_check_net_state to 0 (:0, )
Debug: 20:07:05: Start loading... (:0, )
Warning: 20:07:05: QObject: Cannot create children for a parent that is in a different thread.
(Parent is KSimpleNM(0x55bd755c2510), parent's thread is QThread(0x55bd752efb40), current thread is QThreadPoolThread(0x55bd754c0100) (:0, )
Warning: 20:07:05: QObject: Cannot create children for a parent that is in a different thread.
(Parent is KSimpleNM(0x55bd755c2510), parent's thread is QThread(0x55bd752efb40), current thread is QThreadPoolThread(0x55bd7559cb90) (:0, )
Warning: 20:07:05: QDBusArgument: write from a read-only object (:0, )
Warning: 20:07:05: QDBusArgument: write from a read-only object (:0, )
Debug: 20:07:05: Init Timer... (:0, )
Debug: 20:07:05: Init Active Net Dns... (:0, )
Warning: 20:07:05: QDBusArgument: write from a read-only object (:0, )
Debug: 20:07:05: Init Font Gsettings... (:0, )
Debug: 20:07:05: Init button connections... (:0, )
Debug: 20:07:05: Checking Wired Net (num is 0?)... (:0, )
Debug: 20:07:05: Mainwindow is Already Registered (:0, )
Warning: 20:07:05: Could not parse stylesheet of object QPushButton(0x55bd755c0710, name = "btnSave") (:0, )
Warning: 20:07:05: Could not parse stylesheet of object QPushButton(0x55bd755ba200, name = "btnCancel") (:0, )
Warning: 20:07:05: Could not parse stylesheet of object QPushButton(0x55bd755bacb0, name = "btnCreate") (:0, )
Debug: 20:07:05: Get Lan list Finished! (:0, )
Debug: 20:07:05: Creating Top Lan UI... (:0, )
Warning: 20:07:05: QDBusArgument: write from a read-only object (:0, )
Debug: 20:07:05: Get Connection list Finished! (:0, )
Warning: 20:07:05: QDBusArgument: write from a read-only object (:0, )
Warning: 20:07:05: QDBusArgument: write from a read-only object (:0, )
Debug: 20:07:05: executed cmd= "export LANG='en_US.UTF-8';export LANGUAGE='en_US';ethtool 'enp0s3' | grep Speed > /tmp/kylin-nm-bandwidth-liveuser" .res= 0 (:0, )
Debug: 20:07:05: already insert an active lan network item in the top of lan list (:0, )
Debug: 20:07:05: Stop loading! (:0, )
Warning: 20:07:05: QDBusArgument: write from a read-only object (:0, )
Debug: 20:07:05: void MainWindow::getLanListDone(QStringList) 1953 :set is_stop_check_net_state to 0 (:0, )
Debug: 20:07:09: Init geometry... (:0, )
Debug: 20:07:10: to get message about  "x"  of screen failed (:0, )
Debug: 20:07:10: to get message about  "y"  of screen failed (:0, )
Debug: 20:07:10: to get message about  "width"  of screen failed (:0, )
Debug: 20:07:10: to get message about  "height"  of screen failed (:0, )
Debug: 20:11:59: Kylin Network Manager Is Already Launched (:0, )
Debug: 20:11:59: Translations Are Already Loaded (:0, )
Warning: 20:11:59: QMetaObject::connectSlotsByName: No matching signal for on_wifi_changed() (:0, )
Debug: 20:11:59: Loading qss... (:0, )
Debug: 20:11:59: Painting blurRegion... (:0, )
Debug: 20:11:59: Creating Top Lan UI... (:0, )
Debug: 20:11:59: Creating Top Wifi UI... (:0, )
Debug: 20:11:59: Creating Other Ui... (:0, )
Debug: 20:11:59: Creating List Area Ui... (:0, )
Debug: 20:11:59: Creating Left Area Ui... (:0, )
Debug: 20:11:59: Creating Tray Icon... (:0, )
Debug: 20:11:59: Initing kdsDbus... (:0, )
Debug: 20:11:59: Init primary settings... (:0, )
Warning: 20:12:00: QObject::connect: No such signal QDBusAbstractInterface::screenPrimaryChanged(int,int,int,int) (:0, )
Warning: 20:12:00: QObject::connect:  (receiver name: 'MainWindow') (:0, )
Debug: 20:12:00: Init objKyDbus... (:0, )
Debug: 20:12:00: Can not find wireless device object path when using dbus. (:0, )
Warning: 20:12:00: QDBusArgument: write from a read-only object (:0, )
Debug: 20:12:00: debug: *****初始的无线网络开关状态是:  true (:0, )
Debug: 20:12:00: Init confForm... (:0, )
Warning: 20:12:00: Could not parse stylesheet of object QPushButton(0x561078a81fc0, name = "btnSave") (:0, )
Warning: 20:12:00: Could not parse stylesheet of object QPushButton(0x561078a81fc0, name = "btnSave") (:0, )
Warning: 20:12:00: Could not parse stylesheet of object QPushButton(0x561078a59c30, name = "btnCreate") (:0, )
Warning: 20:12:00: Could not parse stylesheet of object QPushButton(0x561078a59c30, name = "btnCreate") (:0, )
Debug: 20:12:00: Init ksnm... (:0, )
Debug: 20:12:00: Init LoadingDiv... (:0, )
Debug: 20:12:00: Checking wireless device... (:0, )
Debug: 20:12:00: Init Net List... (:0, )
Debug: 20:12:00: Init Net interface & list... (:0, )
Debug: 20:12:00: === (:0, )
Debug: 20:12:00: state of network: '0' is connected, '1' is disconnected, '2' is net device switch off (:0, )
Debug: 20:12:00: current network state:  lan state = 0 ,  wifi state = 2 (:0, )
Debug: 20:12:00: === (:0, )
Debug: 20:12:00: Launch kylin-nm, wired network already connected (:0, )
Debug: 20:12:00: Stop loading! (:0, )
Warning: 20:12:00: QDBusArgument: write from a read-only object (:0, )
Debug: 20:12:00: void MainWindow::connLanDone(int) 4591 :set is_stop_check_net_state to 0 (:0, )
Debug: 20:12:00: Start loading... (:0, )
Warning: 20:12:00: QObject: Cannot create children for a parent that is in a different thread.
(Parent is KSimpleNM(0x561078b41de0), parent's thread is QThread(0x56107878eb40), current thread is QThreadPoolThread(0x56107895fdf0) (:0, )
Warning: 20:12:00: QObject: Cannot create children for a parent that is in a different thread.
(Parent is KSimpleNM(0x561078b41de0), parent's thread is QThread(0x56107878eb40), current thread is QThreadPoolThread(0x56107895feb0) (:0, )
Warning: 20:12:00: QDBusArgument: write from a read-only object (:0, )
Warning: 20:12:00: QDBusArgument: write from a read-only object (:0, )
Debug: 20:12:00: Init Timer... (:0, )
Debug: 20:12:00: Init Active Net Dns... (:0, )
Warning: 20:12:00: QDBusArgument: write from a read-only object (:0, )
Debug: 20:12:00: Init Font Gsettings... (:0, )
Debug: 20:12:00: Init button connections... (:0, )
Debug: 20:12:00: Checking Wired Net (num is 0?)... (:0, )
Debug: 20:12:00: Mainwindow is Already Registered (:0, )
Debug: 20:12:00: Get Connection list Finished! (:0, )
Warning: 20:12:00: Could not parse stylesheet of object QPushButton(0x561078a81fc0, name = "btnSave") (:0, )
Warning: 20:12:00: Could not parse stylesheet of object QPushButton(0x561078a5ff50, name = "btnCancel") (:0, )
Warning: 20:12:00: Could not parse stylesheet of object QPushButton(0x561078a59c30, name = "btnCreate") (:0, )
Debug: 20:12:00: Get Lan list Finished! (:0, )
Debug: 20:12:00: Creating Top Lan UI... (:0, )
Warning: 20:12:00: QDBusArgument: write from a read-only object (:0, )
Warning: 20:12:00: QDBusArgument: write from a read-only object (:0, )
Warning: 20:12:00: QDBusArgument: write from a read-only object (:0, )
Debug: 20:12:00: executed cmd= "export LANG='en_US.UTF-8';export LANGUAGE='en_US';ethtool 'enp0s3' | grep Speed > /tmp/kylin-nm-bandwidth-liveuser" .res= 0 (:0, )
Debug: 20:12:00: already insert an active lan network item in the top of lan list (:0, )
Debug: 20:12:00: Stop loading! (:0, )
Warning: 20:12:00: QDBusArgument: write from a read-only object (:0, )
Debug: 20:12:00: void MainWindow::getLanListDone(QStringList) 1953 :set is_stop_check_net_state to 0 (:0, )
Debug: 20:12:05: Init geometry... (:0, )
Debug: 20:12:05: to get message about  "x"  of screen failed (:0, )
Debug: 20:12:05: to get message about  "y"  of screen failed (:0, )
Debug: 20:12:05: to get message about  "width"  of screen failed (:0, )
Debug: 20:12:05: to get message about  "height"  of screen failed (:0, )
